[2025-03-10T16:20:44.799Z] ValidationError: User validation failed: name: Path `name` is required., email: Path `email` is required., username: Path `username` is required.
    at Document.invalidate (C:\Users\Admin\Projects\CareerQuest\backend\node_modules\mongoose\lib\document.js:3329:32)
    at C:\Users\Admin\Projects\CareerQuest\backend\node_modules\mongoose\lib\document.js:3090:17
    at C:\Users\Admin\Projects\CareerQuest\backend\node_modules\mongoose\lib\schemaType.js:1407:9
    at process.processTicksAndRejections (node:internal/process/task_queues:85:11)
[2025-03-10T16:21:28.274Z] ValidationError: User validation failed: name: Path `name` is required., email: Path `email` is required., username: Path `username` is required.
    at Document.invalidate (C:\Users\Admin\Projects\CareerQuest\backend\node_modules\mongoose\lib\document.js:3329:32)
    at C:\Users\Admin\Projects\CareerQuest\backend\node_modules\mongoose\lib\document.js:3090:17
    at C:\Users\Admin\Projects\CareerQuest\backend\node_modules\mongoose\lib\schemaType.js:1407:9
    at process.processTicksAndRejections (node:internal/process/task_queues:85:11)
[2025-03-10T16:21:32.338Z] ValidationError: User validation failed: name: Path `name` is required., email: Path `email` is required., username: Path `username` is required.
    at Document.invalidate (C:\Users\Admin\Projects\CareerQuest\backend\node_modules\mongoose\lib\document.js:3329:32)
    at C:\Users\Admin\Projects\CareerQuest\backend\node_modules\mongoose\lib\document.js:3090:17
    at C:\Users\Admin\Projects\CareerQuest\backend\node_modules\mongoose\lib\schemaType.js:1407:9
    at process.processTicksAndRejections (node:internal/process/task_queues:85:11)
[2025-03-10T16:21:38.308Z] ValidationError: User validation failed: name: Path `name` is required., email: Path `email` is required., username: Path `username` is required.
    at Document.invalidate (C:\Users\Admin\Projects\CareerQuest\backend\node_modules\mongoose\lib\document.js:3329:32)
    at C:\Users\Admin\Projects\CareerQuest\backend\node_modules\mongoose\lib\document.js:3090:17
    at C:\Users\Admin\Projects\CareerQuest\backend\node_modules\mongoose\lib\schemaType.js:1407:9
    at process.processTicksAndRejections (node:internal/process/task_queues:85:11)
