POST /apiuser/login ::1
POST /api/user/login ::1
POST /api/jobs ::1
POST /api/jobs ::1
POST /api/user/login ::1
POST /api/user/login ::1
POST /api/user/login ::1
POST /api/user/login ::1
GET /api/jobs?name=&skills= ::1
GET /api/jobs?name=&skills= ::1
POST /api/user/login ::1
GET /api/jobs?name=&skills= ::1
GET /api/jobs?name=&skills= ::1
GET /api/jobs?name=&skills= ::1
GET /api/jobs?name=&skills= ::1
GET /api/jobs?name=&skills= ::1
GET /api/jobs?name=&skills= ::1
GET /api/jobs?name=&skills= ::1
GET /api/jobs?name=&skills= ::1
GET /api/jobs?name=&skills= ::1
GET /api/jobs?name=&skills= ::1
GET /api/jobs?name=&skills= ::1
GET /api/jobs?name=&skills= ::1
GET /api/jobs?name=&skills= ::1
GET /api/jobs?name=&skills= ::1
GET /api/jobs?name=&skills= ::1
GET /api/jobs?name=&skills= ::1
GET /api/jobs?name=&skills= ::1
GET /api/jobs?name=&skills= ::1
GET /api/jobs?name=&skills= ::1
GET /api/jobs?name=&skills= ::1
GET /api/jobs?name=&skills= ::1
GET /api/jobs?name=&skills= ::1
GET /api/jobs?name=&skills= ::1
GET /api/jobs?name=&skills= ::1
GET /api/jobs?name=&skills= ::1
GET /api/jobs?name=&skills= ::1
GET /api/jobs?name=&skills= ::1
GET /api/jobs?name=&skills= ::1
GET /api/jobs?name=&skills= ::1
GET /api/jobs?name=&skills= ::1
GET /api/jobs?name=&skills= ::1
GET /api/jobs?name=&skills= ::1
GET /api/jobs?name=&skills= ::1
GET /api/jobs?name=&skills= ::1
GET /api/jobs?name=&skills= ::1
GET /api/jobs?name=&skills= ::1
GET /api/jobs?name=&skills= ::1
GET /api/jobs?name=&skills= ::1
GET /api/jobs?name=&skills= ::1
GET /api/jobs?name=&skills= ::1
POST /api/user/login ::1
GET /api/jobs?name=&skills= ::1
GET /api/jobs?name=&skills= ::1
GET /api/jobs?name=&skills= ::1
GET /api/jobs?name=&skills= ::1
GET /api/jobs?name=&skills=Frontend ::1
GET /api/jobs?name=&skills=Frontend,Backend ::1
GET /api/jobs?name=&skills=Frontend,Backend,React ::1
GET /api/jobs?name=&skills= ::1
GET /api/jobs?name=&skills=Backend ::1
GET /api/jobs?name=&skills=Backend,Python ::1
GET /api/jobs?name=&skills=Backend,Python,React ::1
