[2025-03-03T07:13:51.552Z] TypeError: username.findOne is not a function
    at file:///C:/Users/chinm/OneDrive/Desktop/Cuvette/Capstone/backend/routes/user.js:15:41
    at Layer.handle [as handle_request] (C:\Users\chinm\OneDrive\Desktop\Cuvette\Capstone\backend\node_modules\express\lib\router\layer.js:95:5)
    at next (C:\Users\chinm\OneDrive\Desktop\Cuvette\Capstone\backend\node_modules\express\lib\router\route.js:149:13)
    at Layer.handle [as handle_request] (C:\Users\chinm\OneDrive\Desktop\Cuvette\Capstone\backend\node_modules\express\lib\router\layer.js:91:12)
    at next (C:\Users\chinm\OneDrive\Desktop\Cuvette\Capstone\backend\node_modules\express\lib\router\route.js:149:13)
    at Route.dispatch (C:\Users\chinm\OneDrive\Desktop\Cuvette\Capstone\backend\node_modules\express\lib\router\route.js:119:3)
    at Layer.handle [as handle_request] (C:\Users\chinm\OneDrive\Desktop\Cuvette\Capstone\backend\node_modules\express\lib\router\layer.js:95:5)
    at C:\Users\chinm\OneDrive\Desktop\Cuvette\Capstone\backend\node_modules\express\lib\router\index.js:284:15
    at Function.process_params (C:\Users\chinm\OneDrive\Desktop\Cuvette\Capstone\backend\node_modules\express\lib\router\index.js:346:12)
    at next (C:\Users\chinm\OneDrive\Desktop\Cuvette\Capstone\backend\node_modules\express\lib\router\index.js:280:10)
[2025-03-03T07:23:16.413Z] TypeError: username.findOne is not a function
    at file:///C:/Users/chinm/OneDrive/Desktop/Cuvette/Capstone/backend/routes/user.js:15:41
    at Layer.handle [as handle_request] (C:\Users\chinm\OneDrive\Desktop\Cuvette\Capstone\backend\node_modules\express\lib\router\layer.js:95:5)
    at next (C:\Users\chinm\OneDrive\Desktop\Cuvette\Capstone\backend\node_modules\express\lib\router\route.js:149:13)
    at Layer.handle [as handle_request] (C:\Users\chinm\OneDrive\Desktop\Cuvette\Capstone\backend\node_modules\express\lib\router\layer.js:91:12)
    at next (C:\Users\chinm\OneDrive\Desktop\Cuvette\Capstone\backend\node_modules\express\lib\router\route.js:149:13)
    at Route.dispatch (C:\Users\chinm\OneDrive\Desktop\Cuvette\Capstone\backend\node_modules\express\lib\router\route.js:119:3)
    at Layer.handle [as handle_request] (C:\Users\chinm\OneDrive\Desktop\Cuvette\Capstone\backend\node_modules\express\lib\router\layer.js:95:5)
    at C:\Users\chinm\OneDrive\Desktop\Cuvette\Capstone\backend\node_modules\express\lib\router\index.js:284:15
    at Function.process_params (C:\Users\chinm\OneDrive\Desktop\Cuvette\Capstone\backend\node_modules\express\lib\router\index.js:346:12)
    at next (C:\Users\chinm\OneDrive\Desktop\Cuvette\Capstone\backend\node_modules\express\lib\router\index.js:280:10)
[2025-03-03T07:29:29.438Z] TypeError: username.findOne is not a function
    at file:///C:/Users/chinm/OneDrive/Desktop/Cuvette/Capstone/backend/routes/user.js:15:41
    at Layer.handle [as handle_request] (C:\Users\chinm\OneDrive\Desktop\Cuvette\Capstone\backend\node_modules\express\lib\router\layer.js:95:5)
    at next (C:\Users\chinm\OneDrive\Desktop\Cuvette\Capstone\backend\node_modules\express\lib\router\route.js:149:13)
    at Layer.handle [as handle_request] (C:\Users\chinm\OneDrive\Desktop\Cuvette\Capstone\backend\node_modules\express\lib\router\layer.js:91:12)
    at next (C:\Users\chinm\OneDrive\Desktop\Cuvette\Capstone\backend\node_modules\express\lib\router\route.js:149:13)
    at Route.dispatch (C:\Users\chinm\OneDrive\Desktop\Cuvette\Capstone\backend\node_modules\express\lib\router\route.js:119:3)
    at Layer.handle [as handle_request] (C:\Users\chinm\OneDrive\Desktop\Cuvette\Capstone\backend\node_modules\express\lib\router\layer.js:95:5)
    at C:\Users\chinm\OneDrive\Desktop\Cuvette\Capstone\backend\node_modules\express\lib\router\index.js:284:15
    at Function.process_params (C:\Users\chinm\OneDrive\Desktop\Cuvette\Capstone\backend\node_modules\express\lib\router\index.js:346:12)
    at next (C:\Users\chinm\OneDrive\Desktop\Cuvette\Capstone\backend\node_modules\express\lib\router\index.js:280:10)
[2025-03-03T07:33:22.528Z] TypeError: username.findOne is not a function
    at file:///C:/Users/chinm/OneDrive/Desktop/Cuvette/Capstone/backend/routes/user.js:15:41
    at Layer.handle [as handle_request] (C:\Users\chinm\OneDrive\Desktop\Cuvette\Capstone\backend\node_modules\express\lib\router\layer.js:95:5)
    at next (C:\Users\chinm\OneDrive\Desktop\Cuvette\Capstone\backend\node_modules\express\lib\router\route.js:149:13)
    at Layer.handle [as handle_request] (C:\Users\chinm\OneDrive\Desktop\Cuvette\Capstone\backend\node_modules\express\lib\router\layer.js:91:12)
    at next (C:\Users\chinm\OneDrive\Desktop\Cuvette\Capstone\backend\node_modules\express\lib\router\route.js:149:13)
    at Route.dispatch (C:\Users\chinm\OneDrive\Desktop\Cuvette\Capstone\backend\node_modules\express\lib\router\route.js:119:3)
    at Layer.handle [as handle_request] (C:\Users\chinm\OneDrive\Desktop\Cuvette\Capstone\backend\node_modules\express\lib\router\layer.js:95:5)
    at C:\Users\chinm\OneDrive\Desktop\Cuvette\Capstone\backend\node_modules\express\lib\router\index.js:284:15
    at Function.process_params (C:\Users\chinm\OneDrive\Desktop\Cuvette\Capstone\backend\node_modules\express\lib\router\index.js:346:12)
    at next (C:\Users\chinm\OneDrive\Desktop\Cuvette\Capstone\backend\node_modules\express\lib\router\index.js:280:10)
[2025-03-03T07:34:29.087Z] TypeError: username.findOne is not a function
    at file:///C:/Users/chinm/OneDrive/Desktop/Cuvette/Capstone/backend/routes/user.js:15:41
    at Layer.handle [as handle_request] (C:\Users\chinm\OneDrive\Desktop\Cuvette\Capstone\backend\node_modules\express\lib\router\layer.js:95:5)
    at next (C:\Users\chinm\OneDrive\Desktop\Cuvette\Capstone\backend\node_modules\express\lib\router\route.js:149:13)
    at Layer.handle [as handle_request] (C:\Users\chinm\OneDrive\Desktop\Cuvette\Capstone\backend\node_modules\express\lib\router\layer.js:91:12)
    at next (C:\Users\chinm\OneDrive\Desktop\Cuvette\Capstone\backend\node_modules\express\lib\router\route.js:149:13)
    at Route.dispatch (C:\Users\chinm\OneDrive\Desktop\Cuvette\Capstone\backend\node_modules\express\lib\router\route.js:119:3)
    at Layer.handle [as handle_request] (C:\Users\chinm\OneDrive\Desktop\Cuvette\Capstone\backend\node_modules\express\lib\router\layer.js:95:5)
    at C:\Users\chinm\OneDrive\Desktop\Cuvette\Capstone\backend\node_modules\express\lib\router\index.js:284:15
    at Function.process_params (C:\Users\chinm\OneDrive\Desktop\Cuvette\Capstone\backend\node_modules\express\lib\router\index.js:346:12)
    at next (C:\Users\chinm\OneDrive\Desktop\Cuvette\Capstone\backend\node_modules\express\lib\router\index.js:280:10)
[2025-03-03T07:44:11.245Z] TypeError: username.findOne is not a function
    at file:///C:/Users/chinm/OneDrive/Desktop/Cuvette/Capstone/backend/routes/user.js:15:41
    at Layer.handle [as handle_request] (C:\Users\chinm\OneDrive\Desktop\Cuvette\Capstone\backend\node_modules\express\lib\router\layer.js:95:5)
    at next (C:\Users\chinm\OneDrive\Desktop\Cuvette\Capstone\backend\node_modules\express\lib\router\route.js:149:13)
    at Layer.handle [as handle_request] (C:\Users\chinm\OneDrive\Desktop\Cuvette\Capstone\backend\node_modules\express\lib\router\layer.js:91:12)
    at next (C:\Users\chinm\OneDrive\Desktop\Cuvette\Capstone\backend\node_modules\express\lib\router\route.js:149:13)
    at Route.dispatch (C:\Users\chinm\OneDrive\Desktop\Cuvette\Capstone\backend\node_modules\express\lib\router\route.js:119:3)
    at Layer.handle [as handle_request] (C:\Users\chinm\OneDrive\Desktop\Cuvette\Capstone\backend\node_modules\express\lib\router\layer.js:95:5)
    at C:\Users\chinm\OneDrive\Desktop\Cuvette\Capstone\backend\node_modules\express\lib\router\index.js:284:15
    at Function.process_params (C:\Users\chinm\OneDrive\Desktop\Cuvette\Capstone\backend\node_modules\express\lib\router\index.js:346:12)
    at next (C:\Users\chinm\OneDrive\Desktop\Cuvette\Capstone\backend\node_modules\express\lib\router\index.js:280:10)
[2025-03-03T07:50:51.586Z] TypeError: username.findOne is not a function
    at file:///C:/Users/chinm/OneDrive/Desktop/Cuvette/Capstone/backend/routes/user.js:15:41
    at Layer.handle [as handle_request] (C:\Users\chinm\OneDrive\Desktop\Cuvette\Capstone\backend\node_modules\express\lib\router\layer.js:95:5)
    at next (C:\Users\chinm\OneDrive\Desktop\Cuvette\Capstone\backend\node_modules\express\lib\router\route.js:149:13)
    at Layer.handle [as handle_request] (C:\Users\chinm\OneDrive\Desktop\Cuvette\Capstone\backend\node_modules\express\lib\router\layer.js:91:12)
    at next (C:\Users\chinm\OneDrive\Desktop\Cuvette\Capstone\backend\node_modules\express\lib\router\route.js:149:13)
    at Route.dispatch (C:\Users\chinm\OneDrive\Desktop\Cuvette\Capstone\backend\node_modules\express\lib\router\route.js:119:3)
    at Layer.handle [as handle_request] (C:\Users\chinm\OneDrive\Desktop\Cuvette\Capstone\backend\node_modules\express\lib\router\layer.js:95:5)
    at C:\Users\chinm\OneDrive\Desktop\Cuvette\Capstone\backend\node_modules\express\lib\router\index.js:284:15
    at Function.process_params (C:\Users\chinm\OneDrive\Desktop\Cuvette\Capstone\backend\node_modules\express\lib\router\index.js:346:12)
    at next (C:\Users\chinm\OneDrive\Desktop\Cuvette\Capstone\backend\node_modules\express\lib\router\index.js:280:10)
[2025-03-03T08:06:15.776Z] TypeError: username.findOne is not a function
    at file:///C:/Users/chinm/OneDrive/Desktop/Cuvette/Capstone/backend/routes/user.js:15:41
    at Layer.handle [as handle_request] (C:\Users\chinm\OneDrive\Desktop\Cuvette\Capstone\backend\node_modules\express\lib\router\layer.js:95:5)
    at next (C:\Users\chinm\OneDrive\Desktop\Cuvette\Capstone\backend\node_modules\express\lib\router\route.js:149:13)
    at Layer.handle [as handle_request] (C:\Users\chinm\OneDrive\Desktop\Cuvette\Capstone\backend\node_modules\express\lib\router\layer.js:91:12)
    at next (C:\Users\chinm\OneDrive\Desktop\Cuvette\Capstone\backend\node_modules\express\lib\router\route.js:149:13)
    at Route.dispatch (C:\Users\chinm\OneDrive\Desktop\Cuvette\Capstone\backend\node_modules\express\lib\router\route.js:119:3)
    at Layer.handle [as handle_request] (C:\Users\chinm\OneDrive\Desktop\Cuvette\Capstone\backend\node_modules\express\lib\router\layer.js:95:5)
    at C:\Users\chinm\OneDrive\Desktop\Cuvette\Capstone\backend\node_modules\express\lib\router\index.js:284:15
    at Function.process_params (C:\Users\chinm\OneDrive\Desktop\Cuvette\Capstone\backend\node_modules\express\lib\router\index.js:346:12)
    at next (C:\Users\chinm\OneDrive\Desktop\Cuvette\Capstone\backend\node_modules\express\lib\router\index.js:280:10)
[2025-03-03T08:07:07.640Z] TypeError: username.findOne is not a function
    at file:///C:/Users/chinm/OneDrive/Desktop/Cuvette/Capstone/backend/routes/user.js:15:41
    at Layer.handle [as handle_request] (C:\Users\chinm\OneDrive\Desktop\Cuvette\Capstone\backend\node_modules\express\lib\router\layer.js:95:5)
    at next (C:\Users\chinm\OneDrive\Desktop\Cuvette\Capstone\backend\node_modules\express\lib\router\route.js:149:13)
    at Layer.handle [as handle_request] (C:\Users\chinm\OneDrive\Desktop\Cuvette\Capstone\backend\node_modules\express\lib\router\layer.js:91:12)
    at next (C:\Users\chinm\OneDrive\Desktop\Cuvette\Capstone\backend\node_modules\express\lib\router\route.js:149:13)
    at Route.dispatch (C:\Users\chinm\OneDrive\Desktop\Cuvette\Capstone\backend\node_modules\express\lib\router\route.js:119:3)
    at Layer.handle [as handle_request] (C:\Users\chinm\OneDrive\Desktop\Cuvette\Capstone\backend\node_modules\express\lib\router\layer.js:95:5)
    at C:\Users\chinm\OneDrive\Desktop\Cuvette\Capstone\backend\node_modules\express\lib\router\index.js:284:15
    at Function.process_params (C:\Users\chinm\OneDrive\Desktop\Cuvette\Capstone\backend\node_modules\express\lib\router\index.js:346:12)
    at next (C:\Users\chinm\OneDrive\Desktop\Cuvette\Capstone\backend\node_modules\express\lib\router\index.js:280:10)
[2025-03-03T08:11:04.631Z] TypeError: username.findOne is not a function
    at file:///C:/Users/chinm/OneDrive/Desktop/Cuvette/Capstone/backend/routes/user.js:15:41
    at Layer.handle [as handle_request] (C:\Users\chinm\OneDrive\Desktop\Cuvette\Capstone\backend\node_modules\express\lib\router\layer.js:95:5)
    at next (C:\Users\chinm\OneDrive\Desktop\Cuvette\Capstone\backend\node_modules\express\lib\router\route.js:149:13)
    at Layer.handle [as handle_request] (C:\Users\chinm\OneDrive\Desktop\Cuvette\Capstone\backend\node_modules\express\lib\router\layer.js:91:12)
    at next (C:\Users\chinm\OneDrive\Desktop\Cuvette\Capstone\backend\node_modules\express\lib\router\route.js:149:13)
    at Route.dispatch (C:\Users\chinm\OneDrive\Desktop\Cuvette\Capstone\backend\node_modules\express\lib\router\route.js:119:3)
    at Layer.handle [as handle_request] (C:\Users\chinm\OneDrive\Desktop\Cuvette\Capstone\backend\node_modules\express\lib\router\layer.js:95:5)
    at C:\Users\chinm\OneDrive\Desktop\Cuvette\Capstone\backend\node_modules\express\lib\router\index.js:284:15
    at Function.process_params (C:\Users\chinm\OneDrive\Desktop\Cuvette\Capstone\backend\node_modules\express\lib\router\index.js:346:12)
    at next (C:\Users\chinm\OneDrive\Desktop\Cuvette\Capstone\backend\node_modules\express\lib\router\index.js:280:10)
[2025-03-03T09:01:06.647Z] MongoServerError: E11000 duplicate key error collection: Chinmay.users index: userName_1 dup key: { userName: null }
    at InsertOneOperation.execute (C:\Users\chinm\OneDrive\Desktop\Cuvette\Capstone\backend\node_modules\mongodb\lib\operations\insert.js:51:19)
    at process.processTicksAndRejections (node:internal/process/task_queues:105:5)
    at async tryOperation (C:\Users\chinm\OneDrive\Desktop\Cuvette\Capstone\backend\node_modules\mongodb\lib\operations\execute_operation.js:207:20)
    at async executeOperation (C:\Users\chinm\OneDrive\Desktop\Cuvette\Capstone\backend\node_modules\mongodb\lib\operations\execute_operation.js:75:16)
    at async Collection.insertOne (C:\Users\chinm\OneDrive\Desktop\Cuvette\Capstone\backend\node_modules\mongodb\lib\collection.js:157:16)
[2025-03-03T09:02:40.169Z] MongoServerError: E11000 duplicate key error collection: Chinmay.users index: userName_1 dup key: { userName: null }
    at InsertOneOperation.execute (C:\Users\chinm\OneDrive\Desktop\Cuvette\Capstone\backend\node_modules\mongodb\lib\operations\insert.js:51:19)
    at process.processTicksAndRejections (node:internal/process/task_queues:105:5)
    at async tryOperation (C:\Users\chinm\OneDrive\Desktop\Cuvette\Capstone\backend\node_modules\mongodb\lib\operations\execute_operation.js:207:20)
    at async executeOperation (C:\Users\chinm\OneDrive\Desktop\Cuvette\Capstone\backend\node_modules\mongodb\lib\operations\execute_operation.js:75:16)
    at async Collection.insertOne (C:\Users\chinm\OneDrive\Desktop\Cuvette\Capstone\backend\node_modules\mongodb\lib\collection.js:157:16)
[2025-03-03T09:11:48.815Z] MongoServerError: E11000 duplicate key error collection: Chinmay.users index: userName_1 dup key: { userName: null }
    at InsertOneOperation.execute (C:\Users\chinm\OneDrive\Desktop\Cuvette\Capstone\backend\node_modules\mongodb\lib\operations\insert.js:51:19)
    at process.processTicksAndRejections (node:internal/process/task_queues:105:5)
    at async tryOperation (C:\Users\chinm\OneDrive\Desktop\Cuvette\Capstone\backend\node_modules\mongodb\lib\operations\execute_operation.js:207:20)
    at async executeOperation (C:\Users\chinm\OneDrive\Desktop\Cuvette\Capstone\backend\node_modules\mongodb\lib\operations\execute_operation.js:75:16)
    at async Collection.insertOne (C:\Users\chinm\OneDrive\Desktop\Cuvette\Capstone\backend\node_modules\mongodb\lib\collection.js:157:16)
[2025-03-03T09:54:04.661Z] MongoServerError: E11000 duplicate key error collection: Chinmay.users index: userName_1 dup key: { userName: null }
    at InsertOneOperation.execute (C:\Users\chinm\OneDrive\Desktop\Cuvette\Capstone\backend\node_modules\mongodb\lib\operations\insert.js:51:19)
    at process.processTicksAndRejections (node:internal/process/task_queues:105:5)
    at async tryOperation (C:\Users\chinm\OneDrive\Desktop\Cuvette\Capstone\backend\node_modules\mongodb\lib\operations\execute_operation.js:207:20)
    at async executeOperation (C:\Users\chinm\OneDrive\Desktop\Cuvette\Capstone\backend\node_modules\mongodb\lib\operations\execute_operation.js:75:16)
    at async Collection.insertOne (C:\Users\chinm\OneDrive\Desktop\Cuvette\Capstone\backend\node_modules\mongodb\lib\collection.js:157:16)
